 8517 mee-tree  20   0   48144  12504   2936 R  93.8  0.2   0:00.16 mem.bash
 8518 mee-tree  20   0   47616  12296   2996 R  93.8  0.2   0:00.16 mem2.bash
  826 root      20   0 1120496  53900  44184 S   6.2  0.7   5:18.30 Xorg
 2265 mee-tree  20   0 1982400  28988  18368 S   6.2  0.4   0:10.74 io.elementary.f
    1 root      20   0  225376   5428   3928 S   0.0  0.1   0:02.57 systemd

 8517 mee-tree  20   0  117708  82196   2936 R 100.0  1.0   0:01.34 mem.bash
 8518 mee-tree  20   0  117444  81992   2996 R  93.8  1.0   0:01.33 mem2.bash
  826 root      20   0 1120584  54064  44348 S   6.2  0.7   5:18.35 Xorg
 2063 mee-tree  20   0 1781736  70496  35100 S   6.2  0.9   1:30.09 sublime_text
 2265 mee-tree  20   0 1941420  29000  18368 S   6.2  0.4   0:10.79 io.elementary.f

 8517 mee-tree  20   0  180144 144764   2936 R 100.0  1.8   0:02.51 mem.bash
 8518 mee-tree  20   0  179352 144032   2996 R  93.8  1.8   0:02.51 mem2.bash
 8592 mee-tree  20   0   69876   4116   3468 R   6.2  0.1   0:00.01 top
    1 root      20   0  225376   5428   3928 S   0.0  0.1   0:02.57 systemd
    2 root      20   0       0      0      0 S   0.0  0.0   0:00.00 kthreadd

 8517 mee-tree  20   0  242184 206804   2936 R  93.8  2.6   0:03.68 mem.bash
 8518 mee-tree  20   0  238620 203168   2996 R  93.8  2.5   0:03.68 mem2.bash
 1648 mee-tree  20   0 1846816  32464  18944 S   6.2  0.4   3:01.02 gala
 8621 mee-tree  20   0   69876   4056   3408 R   6.2  0.1   0:00.01 top
    1 root      20   0  225376   5428   3928 S   0.0  0.1   0:02.57 systemd

 8517 mee-tree  20   0  304356 268844   2936 R 100.0  3.3   0:04.86 mem.bash
 8518 mee-tree  20   0  298416 263096   2996 R 100.0  3.3   0:04.86 mem2.bash
 4928 root      20   0  303532     32      0 S   6.2  0.0   0:00.04 cups-browsed
 6570 root      20   0       0      0      0 I   6.2  0.0   0:02.00 kworker/u16:0-e
 8649 mee-tree  20   0   69876   3988   3344 R   6.2  0.0   0:00.01 top

 8517 mee-tree  20   0  366132 330620   2936 R 100.0  4.1   0:06.03 mem.bash
 8518 mee-tree  20   0  358608 323288   2996 R  93.8  4.0   0:06.03 mem2.bash
 2265 mee-tree  20   0 1941420  29020  18368 S  12.5  0.4   0:10.98 io.elementary.f
    1 root      20   0  225376   5428   3928 S   6.2  0.1   0:02.58 systemd
 2063 mee-tree  20   0 1781736  70508  35100 S   6.2  0.9   1:30.44 sublime_text

 8518 mee-tree  20   0  418668 383216   2996 R 100.0  4.8   0:07.21 mem2.bash
 8517 mee-tree  20   0  427380 391868   2936 R  93.8  4.9   0:07.20 mem.bash
 1648 mee-tree  20   0 1846816  32464  18944 S  12.5  0.4   3:01.14 gala
  826 root      20   0 1122564  56152  46436 S   6.2  0.7   5:18.64 Xorg
 1670 mee-tree  20   0  698500  19044  14056 S   6.2  0.2   0:11.44 plank

 8517 mee-tree  20   0  488496 453116   2936 R 100.0  5.6   0:08.39 mem.bash
 8518 mee-tree  20   0  478200 442880   2996 R 100.0  5.5   0:08.38 mem2.bash
 1648 mee-tree  20   0 1846816  32464  18944 S  12.5  0.4   3:01.20 gala
  826 root      20   0 1122700  56356  46640 S   6.2  0.7   5:18.72 Xorg
 6363 mee-tree  20   0  697592  25300  12792 S   6.2  0.3   0:10.03 io.elementary.t

 8517 mee-tree  20   0  548688 513308   2936 R 100.0  6.4   0:09.56 mem.bash
 8518 mee-tree  20   0  536940 501488   2996 R 100.0  6.2   0:09.56 mem2.bash
 1648 mee-tree  20   0 1846816  32464  18944 S  12.5  0.4   3:01.28 gala
  826 root      20   0 1122288  55840  46124 S   6.2  0.7   5:18.82 Xorg
 1670 mee-tree  20   0  698500  19044  14056 S   6.2  0.2   0:11.47 plank

 8517 mee-tree  20   0  609672 574292   2936 R 100.0  7.1   0:10.74 mem.bash
 8518 mee-tree  20   0  598056 562736   2996 R  93.8  7.0   0:10.73 mem2.bash
  826 root      20   0 1121808  55456  45740 S  12.5  0.7   5:18.89 Xorg
 8785 mee-tree  20   0   69876   4132   3484 R  12.5  0.1   0:00.02 top
 1648 mee-tree  20   0 1846816  32464  18944 S   6.2  0.4   3:01.34 gala

 8517 mee-tree  20   0  669732 634220   2936 R 100.0  7.9   0:11.92 mem.bash
 8518 mee-tree  20   0  658776 623456   2996 R  93.8  7.8   0:11.91 mem2.bash
  826 root      20   0 1122520  56332  46616 S  12.5  0.7   5:18.97 Xorg
   30 root      20   0       0      0      0 S   6.2  0.0   0:00.03 ksoftirqd/3
 1648 mee-tree  20   0 1846816  32464  18944 S   6.2  0.4   3:01.41 gala

 8518 mee-tree  20   0  720816 685496   2996 R 100.0  8.5   0:13.09 mem2.bash
 8517 mee-tree  20   0  731244 695732   2936 R  93.8  8.7   0:13.08 mem.bash
  636 message+  20   0   51480   3416   1988 S   6.2  0.0   0:01.72 dbus-daemon
  826 root      20   0 1122520  56332  46616 S   6.2  0.7   5:19.03 Xorg
 1648 mee-tree  20   0 1846816  32464  18944 S   6.2  0.4   3:01.47 gala

 8518 mee-tree  20   0  781668 746216   2996 R 100.0  9.3   0:14.26 mem2.bash
 8517 mee-tree  20   0  792756 757244   2936 R  93.8  9.4   0:14.26 mem.bash
 1648 mee-tree  20   0 1846816  32464  18944 S   6.2  0.4   3:01.54 gala
 1670 mee-tree  20   0  698500  19044  14056 S   6.2  0.2   0:11.54 plank
 8870 mee-tree  20   0   69876   4136   3488 R   6.2  0.1   0:00.01 top

 8517 mee-tree  20   0  854004 818492   2936 R  93.8 10.2   0:15.43 mem.bash
 8518 mee-tree  20   0  841860 806408   2996 R  93.8 10.0   0:15.43 mem2.bash
 1648 mee-tree  20   0 1846816  32464  18944 S   6.2  0.4   3:01.61 gala
 2105 mee-tree  20   0  479128   7992    736 S   6.2  0.1   0:50.08 plugin_host
 8203 mee-tree  20   0 5011936 216364  98996 S   6.2  2.7   1:22.09 chrome

 8518 mee-tree  20   0  900996 865544   2996 R 100.0 10.8   0:16.61 mem2.bash
 8517 mee-tree  20   0  915516 880004   2936 R 100.0 11.0   0:16.61 mem.bash
  826 root      20   0 1123352  56728  47012 S   6.7  0.7   5:19.26 Xorg
 1648 mee-tree  20   0 1846816  32464  18944 S   6.7  0.4   3:01.68 gala
 6363 mee-tree  20   0  697592  25412  12792 S   6.7  0.3   0:10.12 io.elementary.t

 8518 mee-tree  20   0  962508 927056   2996 R 100.0 11.5   0:17.78 mem2.bash
 8517 mee-tree  20   0  977952 942572   2936 R  93.8 11.7   0:17.78 mem.bash
  699 root      20   0  311096   2288   1776 S   6.2  0.0   0:00.33 polkitd
 1362 mee-tree  20   0   51064   3056   1756 S   6.2  0.0   0:01.01 dbus-daemon
 2265 mee-tree  20   0 1941420  29044  18368 S   6.2  0.4   0:11.49 io.elementary.f

 8518 mee-tree  20   0 1025340 989888   2996 R 100.0 12.3   0:18.96 mem2.bash
 8517 mee-tree  20   0 1041840 982.9m   2936 R  93.8 12.5   0:18.95 mem.bash
 2105 mee-tree  20   0  479128   7992    736 S   6.2  0.1   0:50.09 plugin_host
    1 root      20   0  225376   5428   3928 S   0.0  0.1   0:02.58 systemd
    2 root      20   0       0      0      0 S   0.0  0.0   0:00.00 kthreadd

