 8517 mee-tree  20   0   48408  13032   2936 R 100.0  0.2   0:00.17 mem.bash
 8518 mee-tree  20   0   47748  12296   2996 R  93.8  0.2   0:00.16 mem2.bash
 8525 mee-tree  20   0   69876   4076   3432 R  12.5  0.1   0:00.02 top
  826 root      20   0 1120496  53900  44184 S   6.2  0.7   5:18.30 Xorg
 2265 mee-tree  20   0 1982400  28988  18368 S   6.2  0.4   0:10.74 io.elementary.f

 8517 mee-tree  20   0  117972  82460   2936 R 100.0  1.0   0:01.35 mem.bash
 8518 mee-tree  20   0  117708  82256   2996 R 100.0  1.0   0:01.35 mem2.bash
  826 root      20   0 1120588  54064  44348 S   6.2  0.7   5:18.35 Xorg
 2063 mee-tree  20   0 1781736  70496  35100 S   6.2  0.9   1:30.09 sublime_text
 2265 mee-tree  20   0 1941420  29000  18368 R   6.2  0.4   0:10.79 io.elementary.f

 8517 mee-tree  20   0  180672 145292   2936 R 100.0  1.8   0:02.53 mem.bash
 8518 mee-tree  20   0  180144 144824   2996 R 100.0  1.8   0:02.53 mem2.bash
 8593 mee-tree  20   0   69876   4116   3472 R   6.2  0.1   0:00.01 top
    1 root      20   0  225376   5428   3928 S   0.0  0.1   0:02.57 systemd
    2 root      20   0       0      0      0 S   0.0  0.0   0:00.00 kthreadd

 8517 mee-tree  20   0  243108 207596   2936 R  93.8  2.6   0:03.70 mem.bash
 8518 mee-tree  20   0  239676 204224   2996 R  93.8  2.5   0:03.70 mem2.bash
 1648 mee-tree  20   0 1846816  32464  18944 S   6.2  0.4   3:01.02 gala
    1 root      20   0  225376   5428   3928 S   0.0  0.1   0:02.57 systemd
    2 root      20   0       0      0      0 S   0.0  0.0   0:00.00 kthreadd

 8517 mee-tree  20   0  305676 270164   2936 R 100.0  3.4   0:04.89 mem.bash
 8518 mee-tree  20   0  299604 264152   2996 R  93.8  3.3   0:04.88 mem2.bash
  826 root      20   0 1120716  54204  44488 S   6.2  0.7   5:18.50 Xorg
 2063 mee-tree  20   0 1781736  70508  35100 S   6.2  0.9   1:30.34 sublime_text
 2265 mee-tree  20   0 1941420  29016  18368 S   6.2  0.4   0:10.92 io.elementary.f

 8517 mee-tree  20   0  367716 332204   2936 R 100.0  4.1   0:06.07 mem.bash
 8518 mee-tree  20   0  360324 324872   2996 R 100.0  4.0   0:06.07 mem2.bash
    1 root      20   0  225376   5428   3928 S   6.2  0.1   0:02.58 systemd
 1648 mee-tree  20   0 1846816  32464  18944 S   6.2  0.4   3:01.09 gala
 2063 mee-tree  20   0 1781736  70508  35100 S   6.2  0.9   1:30.44 sublime_text

 8517 mee-tree  20   0  428964 393452   2936 R 100.0  4.9   0:07.24 mem.bash
 8518 mee-tree  20   0  420120 384800   2996 R 100.0  4.8   0:07.24 mem2.bash
 1648 mee-tree  20   0 1846816  32464  18944 S  12.5  0.4   3:01.14 gala
  826 root      20   0 1122564  56152  46436 S   6.2  0.7   5:18.64 Xorg
 1670 mee-tree  20   0  698500  19044  14056 S   6.2  0.2   0:11.44 plank

 8517 mee-tree  20   0  489816 454436   2936 R 100.0  5.7   0:08.42 mem.bash
 8518 mee-tree  20   0  479784 444464   2996 R 100.0  5.5   0:08.42 mem2.bash
 2265 mee-tree  20   0 1941420  29028  18368 S  12.5  0.4   0:11.08 io.elementary.f
  826 root      20   0 1122700  56356  46640 R   6.2  0.7   5:18.72 Xorg
 1362 mee-tree  20   0   51064   3056   1756 S   6.2  0.0   0:01.00 dbus-daemon

 8517 mee-tree  20   0  550140 514628   2936 R 100.0  6.4   0:09.60 mem.bash
 8518 mee-tree  20   0  538656 503336   2996 R  93.8  6.3   0:09.59 mem2.bash
 1648 mee-tree  20   0 1846816  32464  18944 S  12.5  0.4   3:01.28 gala
 2265 mee-tree  20   0 1941420  29028  18368 S  12.5  0.4   0:11.14 io.elementary.f
  826 root      20   0 1122288  55840  46124 S   6.2  0.7   5:18.82 Xorg

 8517 mee-tree  20   0  611520 576140   2936 R 100.0  7.2   0:10.78 mem.bash
 8518 mee-tree  20   0  599904 564584   2996 R  93.8  7.0   0:10.77 mem2.bash
 1648 mee-tree  20   0 1846816  32464  18944 S   6.2  0.4   3:01.34 gala
 2265 mee-tree  20   0 1941420  29028  18368 S   6.2  0.4   0:11.20 io.elementary.f
 8786 mee-tree  20   0   69876   4124   3480 R   6.2  0.1   0:00.01 top

 8517 mee-tree  20   0  671580 636068   2936 R 100.0  7.9   0:11.95 mem.bash
 8518 mee-tree  20   0  660624 625304   2996 R  93.8  7.8   0:11.95 mem2.bash
  826 root      20   0 1122520  56332  46616 S  12.5  0.7   5:18.97 Xorg
 2265 mee-tree  20   0 1941420  29036  18368 S  12.5  0.4   0:11.25 io.elementary.f
 1648 mee-tree  20   0 1846816  32464  18944 S   6.2  0.4   3:01.41 gala

 8518 mee-tree  20   0  722796 687344   2996 R 100.0  8.6   0:13.13 mem2.bash
 8517 mee-tree  20   0  733224 697844   2936 R  93.8  8.7   0:13.12 mem.bash
  826 root      20   0 1122520  56332  46616 S   6.2  0.7   5:19.03 Xorg
 1670 mee-tree  20   0  698500  19044  14056 S   6.2  0.2   0:11.52 plank
 2265 mee-tree  20   0 1941420  29036  18368 S   6.2  0.4   0:11.29 io.elementary.f

 8517 mee-tree  20   0  794868 759356   2936 R 100.0  9.5   0:14.30 mem.bash
 8518 mee-tree  20   0  783384 748064   2996 R  93.8  9.3   0:14.30 mem2.bash
 2265 mee-tree  20   0 1941420  29044  18368 S  12.5  0.4   0:11.34 io.elementary.f
 1648 mee-tree  20   0 1846816  32464  18944 R   6.2  0.4   3:01.54 gala
 1670 mee-tree  20   0  698500  19044  14056 S   6.2  0.2   0:11.54 plank

 8517 mee-tree  20   0  856116 820604   2936 R 100.0 10.2   0:15.48 mem.bash
 8518 mee-tree  20   0  843576 808256   2996 R  93.8 10.1   0:15.47 mem2.bash
 2265 mee-tree  20   0 1941420  29044  18368 S  12.5  0.4   0:11.41 io.elementary.f
  826 root      20   0 1122584  56068  46352 S   6.2  0.7   5:19.18 Xorg
 1648 mee-tree  20   0 1846816  32464  18944 S   6.2  0.4   3:01.61 gala

 8517 mee-tree  20   0  917628 882116   2936 R  93.8 11.0   0:16.65 mem.bash
 8518 mee-tree  20   0  903108 867656   2996 R  93.8 10.8   0:16.65 mem2.bash
 2265 mee-tree  20   0 1941420  29044  18368 S  12.5  0.4   0:11.46 io.elementary.f
  826 root      20   0 1123352  56728  47012 S   6.2  0.7   5:19.26 Xorg
 1648 mee-tree  20   0 1846816  32464  18944 S   6.2  0.4   3:01.68 gala

 8517 mee-tree  20   0  980328 944948   2936 R 100.0 11.8   0:17.83 mem.bash
 8518 mee-tree  20   0  964752 929432   2996 R 100.0 11.6   0:17.83 mem2.bash
 2265 mee-tree  20   0 1941420  29044  18368 S  13.3  0.4   0:11.50 io.elementary.f
  826 root      20   0 1123352  56728  47012 S   6.7  0.7   5:19.31 Xorg
 1362 mee-tree  20   0   51064   3056   1756 S   6.7  0.0   0:01.01 dbus-daemon

 8517 mee-tree  20   0 1044216 985.2m   2936 R  93.8 12.6   0:19.00 mem.bash
 8518 mee-tree  20   0 1027716 992264   2996 R  93.8 12.4   0:19.00 mem2.bash
 2105 mee-tree  20   0  479128   7992    736 S   6.2  0.1   0:50.09 plugin_host
 2265 mee-tree  20   0 1941420  29044  18368 S   6.2  0.4   0:11.54 io.elementary.f
 8523 mee-tree  20   0   38744   3356   2864 S   6.2  0.0   0:00.03 helper.bash

 8517 mee-tree  20   0 1105744 1.021g   2964 R 100.0 13.3   0:20.18 mem.bash
 8518 mee-tree  20   0 1088568 1.004g   2996 R 100.0 13.1   0:20.18 mem2.bash
  826 root      20   0 1123412  57340  47624 S   6.7  0.7   5:19.42 Xorg
 8386 root      20   0       0      0      0 I   6.7  0.0   0:00.89 kworker/1:2-eve
 9000 mee-tree  20   0   69876   4012   3364 R   6.7  0.0   0:00.01 top

 8517 mee-tree  20   0 1168444 1.080g   2964 R 100.0 14.1   0:21.36 mem.bash
 8518 mee-tree  20   0 1151400 1.064g   2996 R 100.0 13.9   0:21.35 mem2.bash
 1648 mee-tree  20   0 1846816  32464  18944 S  12.5  0.4   3:01.80 gala
  826 root      20   0 1123384  57380  47664 S   6.2  0.7   5:19.46 Xorg
 9013 mee-tree  20   0   69876   3992   3348 R   6.2  0.0   0:00.01 top

 8517 mee-tree  20   0 1231936 1.141g   2964 R  93.8 14.9   0:22.52 mem.bash
 8518 mee-tree  20   0 1212780 1.123g   2996 R  93.8 14.7   0:22.52 mem2.bash
 2265 mee-tree  20   0 1941420  29044  18368 S   6.2  0.4   0:11.65 io.elementary.f
    1 root      20   0  225376   5428   3928 S   0.0  0.1   0:02.58 systemd
    2 root      20   0       0      0      0 S   0.0  0.0   0:00.00 kthreadd

 8517 mee-tree  20   0 1296220 1.202g   2964 R 100.0 15.7   0:23.69 mem.bash
 8518 mee-tree  20   0 1275744 1.183g   2996 R  93.3 15.4   0:23.69 mem2.bash
  826 root      20   0 1121940  56120  46404 S   6.7  0.7   5:19.55 Xorg
 2265 mee-tree  20   0 1941420  29044  18368 S   6.7  0.4   0:11.68 io.elementary.f
    1 root      20   0  225376   5428   3928 S   0.0  0.1   0:02.58 systemd

